<?xml version="1.0" encoding="UTF-8"?>
<!-- Generated by org.testng.reporters.JUnitXMLReporter -->
<testsuite ignored="0" hostname="admin-PC" failures="0" tests="3" name="Test" time="23.806" errors="0" timestamp="2023-10-04T12:26:24 IST">
  <testcase classname="testClasses.TestClassNg" name="@AfterMethod logoutApplication" time="5.472">
    <failure type="org.openqa.selenium.ElementNotInteractableException" message="element not interactable
  (Session info: chrome=109.0.5414.120)
Build info: version: &amp;apos;4.10.0&amp;apos;, revision: &amp;apos;c14d967899&amp;apos;
System info: os.name: &amp;apos;Windows 7&amp;apos;, os.arch: &amp;apos;amd64&amp;apos;, os.version: &amp;apos;6.1&amp;apos;, java.version: &amp;apos;17.0.7&amp;apos;
Driver info: org.openqa.selenium.chrome.ChromeDriver
Command: [0072bdb2a7714340399f5b3763c84440, clickElement {id=791fad71-1f87-4161-8827-9011289a8376}]
Capabilities {acceptInsecureCerts: false, browserName: chrome, browserVersion: 109.0.5414.120, chrome: {chromedriverVersion: 109.0.5414.74 (e7c5703604da..., userDataDir: C:\Users\admin\AppData\Loca...}, goog:chromeOptions: {debuggerAddress: localhost:65219}, networkConnectionEnabled: false, pageLoadStrategy: normal, platformName: windows, proxy: Proxy(), se:cdp: ws://localhost:65219/devtoo..., se:cdpVersion: 109.0.5414.120, setWindowRect: true, strictFileInteractability: false, timeouts: {implicit: 0, pageLoad: 300000, script: 30000}, unhandledPromptBehavior: dismiss and notify, webauthn:extension:credBlob: true, webauthn:extension:largeBlob: true, webauthn:virtualAuthenticators: true}
Element: [[ChromeDriver: chrome on windows (0072bdb2a7714340399f5b3763c84440)] -&amp;gt; xpath: (//div[@class=&amp;apos;xu96u03 xm80bdy x10l6tqk x13vifvy&amp;apos;]//div[@class=&amp;apos;x78zum5 xdt5ytf xz62fqu x16ldp7u&amp;apos;])[5]]
Session ID: 0072bdb2a7714340399f5b3763c84440">
      <![CDATA[org.openqa.selenium.ElementNotInteractableException: element not interactable
  (Session info: chrome=109.0.5414.120)
Build info: version: '4.10.0', revision: 'c14d967899'
System info: os.name: 'Windows 7', os.arch: 'amd64', os.version: '6.1', java.version: '17.0.7'
Driver info: org.openqa.selenium.chrome.ChromeDriver
Command: [0072bdb2a7714340399f5b3763c84440, clickElement {id=791fad71-1f87-4161-8827-9011289a8376}]
Capabilities {acceptInsecureCerts: false, browserName: chrome, browserVersion: 109.0.5414.120, chrome: {chromedriverVersion: 109.0.5414.74 (e7c5703604da..., userDataDir: C:\Users\admin\AppData\Loca...}, goog:chromeOptions: {debuggerAddress: localhost:65219}, networkConnectionEnabled: false, pageLoadStrategy: normal, platformName: windows, proxy: Proxy(), se:cdp: ws://localhost:65219/devtoo..., se:cdpVersion: 109.0.5414.120, setWindowRect: true, strictFileInteractability: false, timeouts: {implicit: 0, pageLoad: 300000, script: 30000}, unhandledPromptBehavior: dismiss and notify, webauthn:extension:credBlob: true, webauthn:extension:largeBlob: true, webauthn:virtualAuthenticators: true}
Element: [[ChromeDriver: chrome on windows (0072bdb2a7714340399f5b3763c84440)] -> xpath: (//div[@class='xu96u03 xm80bdy x10l6tqk x13vifvy']//div[@class='x78zum5 xdt5ytf xz62fqu x16ldp7u'])[5]]
Session ID: 0072bdb2a7714340399f5b3763c84440
at org.openqa.selenium.remote.codec.w3c.W3CHttpResponseCodec.createException(W3CHttpResponseCodec.java:199)
at org.openqa.selenium.remote.codec.w3c.W3CHttpResponseCodec.decode(W3CHttpResponseCodec.java:132)
at org.openqa.selenium.remote.codec.w3c.W3CHttpResponseCodec.decode(W3CHttpResponseCodec.java:51)
at org.openqa.selenium.remote.HttpCommandExecutor.execute(HttpCommandExecutor.java:191)
at org.openqa.selenium.remote.service.DriverCommandExecutor.invokeExecute(DriverCommandExecutor.java:196)
at org.openqa.selenium.remote.service.DriverCommandExecutor.execute(DriverCommandExecutor.java:171)
at org.openqa.selenium.remote.RemoteWebDriver.execute(RemoteWebDriver.java:531)
at org.openqa.selenium.remote.RemoteWebElement.execute(RemoteWebElement.java:242)
at org.openqa.selenium.remote.RemoteWebElement.click(RemoteWebElement.java:77)
at org.openqa.selenium.support.pagefactory.internal.LocatingElementHandler.invoke(LocatingElementHandler.java:51)
at jdk.proxy2/jdk.proxy2.$Proxy18.click(Unknown Source)
at pages.LogOutPage.clickLogOutButton(LogOutPage.java:26)
at testClasses.TestClassNg.logoutApplication(TestClassNg.java:79)
at java.base/java.util.ArrayList.forEach(ArrayList.java:1511)
... Removed 41 stack frames]]>
    </failure>
  </testcase> <!-- @AfterMethod logoutApplication -->
  <testcase classname="testClasses.TestClassNg" name="@BeforeMethod loginApplication" time="-1.696402584042E9">
    <skipped/>
  </testcase> <!-- @BeforeMethod loginApplication -->
  <testcase classname="testClasses.TestClassNg" name="@AfterMethod logoutApplication" time="-1.696402584058E9">
    <skipped/>
  </testcase> <!-- @AfterMethod logoutApplication -->
  <testcase classname="testClasses.TestClassNg" name="@BeforeMethod loginApplication" time="-1.696402584061E9">
    <skipped/>
  </testcase> <!-- @BeforeMethod loginApplication -->
  <testcase classname="testClasses.TestClassNg" name="@AfterMethod logoutApplication" time="-1.696402584067E9">
    <skipped/>
  </testcase> <!-- @AfterMethod logoutApplication -->
  <testcase classname="testClasses.TestClassNg" name="@AfterClass closeBrowser" time="-1.696402584069E9">
    <skipped/>
  </testcase> <!-- @AfterClass closeBrowser -->
  <testcase classname="testClasses.TestClassNg" name="verifyCreatPostFunctionality" time="10.648"/>
  <testcase classname="testClasses.TestClassNg" name="verifyMessengerFunctionality" time="0.0">
    <skipped/>
  </testcase> <!-- verifyMessengerFunctionality -->
  <testcase classname="testClasses.TestClassNg" name="verifyNotificationFunctionality" time="0.0">
    <skipped/>
  </testcase> <!-- verifyNotificationFunctionality -->
</testsuite> <!-- Test -->
