<?xml version="1.0" encoding="UTF-8"?>
<!-- Generated by org.testng.reporters.JUnitXMLReporter -->
<testsuite ignored="0" hostname="admin-PC" failures="0" tests="6" name="Test456" time="109.024" errors="0" timestamp="2023-10-16T16:19:08 IST">
  <testcase classname="testclasses.VerifyAddtocartFunctionality" name="VerifyAddtocartFunctionalityOnComputer" time="5.847"/>
  <testcase classname="testclasses.VerifyAddtocartFunctionality" name="verifyEngagmentRingCartFunctionality" time="6.553"/>
  <testcase classname="testclasses.VerifyAddtocartFunctionality" name="verifyFahrenheitBookCartFunctionality" time="5.516"/>
  <testcase classname="testclasses.Webdrivermanagertestng" name="VerifyAddtocartFunctionalityOnComputer" time="3.575"/>
  <testcase classname="testclasses.Webdrivermanagertestng" name="verifyEngagmentRingCartFunctionality" time="3.943"/>
  <testcase classname="testclasses.Webdrivermanagertestng" name="verifyFahrenheitBookCartFunctionality" time="4.625"/>
</testsuite> <!-- Test456 -->
